<?xml version="1.0" encoding="UTF-8"?>
<testsuite xmlns:xsi="http://www.w3.org/2001/XMLSchema-instance" xsi:noNamespaceSchemaLocation="https://maven.apache.org/surefire/maven-surefire-plugin/xsd/surefire-test-report-3.0.xsd" version="3.0" name="com.example.todo.integration.TaskControllerIntegrationTest" time="5.615" tests="1" errors="0" skipped="0" failures="0">
  <properties>
[...]
</properties>
  <testcase name="fullCrudFlow" classname="com.example.todo.integration.TaskControllerIntegrationTest" time="0.912">
    <system-out><![CDATA[
  .   ____          _            __ _ _
 /\\ / ___'_ __ _ _(_)_ __  __ _ \ \ \ \
( ( )\___ | '_ | '_| | '_ \/ _` | \ \ \ \
 \\/  ___)| |_)| | | | | || (_| |  ) ) ) )
  '  |____| .__|_| |_|_| |_\__, | / / / /
 =========|_|==============|___/=/_/_/_/
 :: Spring Boot ::                (v3.2.6)

2025-09-28T17:37:27.910-03:00  INFO 22920 --- [           main] c.e.t.i.TaskControllerIntegrationTest    : Starting TaskControllerIntegrationTest using Java 17.0.9 with PID 22920 (started by Samuel in C:\Users\Samuel\Documents\Projetos\Atividade Xandy\todo-backend)
2025-09-28T17:37:27.912-03:00  INFO 22920 --- [           main] c.e.t.i.TaskControllerIntegrationTest    : No active profile set, falling back to 1 default profile: "default"
2025-09-28T17:37:28.597-03:00  INFO 22920 --- [           main] .s.d.r.c.RepositoryConfigurationDelegate : Bootstrapping Spring Data JPA repositories in DEFAULT mode.
2025-09-28T17:37:28.658-03:00  INFO 22920 --- [           main] .s.d.r.c.RepositoryConfigurationDelegate : Finished Spring Data repository scanning in 51 ms. Found 1 JPA repository interface.
2025-09-28T17:37:29.269-03:00  INFO 22920 --- [           main] o.s.b.w.embedded.tomcat.TomcatWebServer  : Tomcat initialized with port 0 (http)
2025-09-28T17:37:29.282-03:00  INFO 22920 --- [           main] o.apache.catalina.core.StandardService   : Starting service [Tomcat]
2025-09-28T17:37:29.283-03:00  INFO 22920 --- [           main] o.apache.catalina.core.StandardEngine    : Starting Servlet engine: [Apache Tomcat/10.1.24]
2025-09-28T17:37:29.373-03:00  INFO 22920 --- [           main] o.a.c.c.C.[Tomcat].[localhost].[/]       : Initializing Spring embedded WebApplicationContext
2025-09-28T17:37:29.374-03:00  INFO 22920 --- [           main] w.s.c.ServletWebServerApplicationContext : Root WebApplicationContext: initialization completed in 1442 ms
2025-09-28T17:37:29.558-03:00  INFO 22920 --- [           main] o.hibernate.jpa.internal.util.LogHelper  : HHH000204: Processing PersistenceUnitInfo [name: default]
2025-09-28T17:37:29.650-03:00  INFO 22920 --- [           main] org.hibernate.Version                    : HHH000412: Hibernate ORM core version 6.4.8.Final
2025-09-28T17:37:29.699-03:00  INFO 22920 --- [           main] o.h.c.internal.RegionFactoryInitiator    : HHH000026: Second-level cache disabled
2025-09-28T17:37:29.985-03:00  INFO 22920 --- [           main] o.s.o.j.p.SpringPersistenceUnitInfo      : No LoadTimeWeaver setup: ignoring JPA class transformer
2025-09-28T17:37:30.018-03:00  INFO 22920 --- [           main] com.zaxxer.hikari.HikariDataSource       : HikariPool-1 - Starting...
2025-09-28T17:37:30.237-03:00  INFO 22920 --- [           main] com.zaxxer.hikari.pool.HikariPool        : HikariPool-1 - Added connection conn0: url=jdbc:h2:mem:testdb user=SA
2025-09-28T17:37:30.238-03:00  INFO 22920 --- [           main] com.zaxxer.hikari.HikariDataSource       : HikariPool-1 - Start completed.
2025-09-28T17:37:31.165-03:00  INFO 22920 --- [           main] o.h.e.t.j.p.i.JtaPlatformInitiator       : HHH000489: No JTA platform available (set 'hibernate.transaction.jta.platform' to enable JTA platform integration)
Hibernate: drop table if exists tasks cascade 
Hibernate: create table tasks (completed boolean not null, created_at timestamp(6) with time zone not null, id bigint generated by default as identity, updated_at timestamp(6) with time zone, description TEXT, observations TEXT, title varchar(255) not null, primary key (id))
2025-09-28T17:37:31.205-03:00  INFO 22920 --- [           main] j.LocalContainerEntityManagerFactoryBean : Initialized JPA EntityManagerFactory for persistence unit 'default'
2025-09-28T17:37:31.485-03:00  WARN 22920 --- [           main] JpaBaseConfiguration$JpaWebConfiguration : spring.jpa.open-in-view is enabled by default. Therefore, database queries may be performed during view rendering. Explicitly configure spring.jpa.open-in-view to disable this warning
2025-09-28T17:37:31.906-03:00  INFO 22920 --- [           main] o.s.b.w.embedded.tomcat.TomcatWebServer  : Tomcat started on port 61029 (http) with context path ''
2025-09-28T17:37:31.915-03:00  INFO 22920 --- [           main] c.e.t.i.TaskControllerIntegrationTest    : Started TaskControllerIntegrationTest in 4.28 seconds (process running for 5.194)
2025-09-28T17:37:32.540-03:00  INFO 22920 --- [o-auto-1-exec-1] o.a.c.c.C.[Tomcat].[localhost].[/]       : Initializing Spring DispatcherServlet 'dispatcherServlet'
2025-09-28T17:37:32.540-03:00  INFO 22920 --- [o-auto-1-exec-1] o.s.web.servlet.DispatcherServlet        : Initializing Servlet 'dispatcherServlet'
2025-09-28T17:37:32.541-03:00  INFO 22920 --- [o-auto-1-exec-1] o.s.web.servlet.DispatcherServlet        : Completed initialization in 1 ms
Hibernate: insert into tasks (completed,created_at,description,observations,title,updated_at,id) values (?,?,?,?,?,?,default)
Hibernate: select t1_0.id,t1_0.completed,t1_0.created_at,t1_0.description,t1_0.observations,t1_0.title,t1_0.updated_at from tasks t1_0 where t1_0.id=?
Hibernate: select t1_0.id,t1_0.completed,t1_0.created_at,t1_0.description,t1_0.observations,t1_0.title,t1_0.updated_at from tasks t1_0 where t1_0.id=?
Hibernate: update tasks set completed=?,description=?,observations=?,title=?,updated_at=? where id=?
Hibernate: select t1_0.id,t1_0.completed,t1_0.created_at,t1_0.description,t1_0.observations,t1_0.title,t1_0.updated_at from tasks t1_0 where t1_0.id=?
Hibernate: delete from tasks where id=?
Hibernate: select t1_0.id,t1_0.completed,t1_0.created_at,t1_0.description,t1_0.observations,t1_0.title,t1_0.updated_at from tasks t1_0 where t1_0.id=?
]]></system-out>
  </testcase>
</testsuite>